TN:
SF:script/001_Sanction/1-1_SetupERC1363WithSanction.sol
FN:29,ERC1363WithSanctionSetupScript.setUpContracts
FNDA:0,ERC1363WithSanctionSetupScript.setUpContracts
DA:30,0
BRDA:30,0,0,-
BRDA:30,0,1,-
DA:31,0
FN:38,ERC1363WithSanctionSetupScript.setUpMock
FNDA:0,ERC1363WithSanctionSetupScript.setUpMock
DA:39,0
FN:42,ERC1363WithSanctionSetupScript.setUpHarness
FNDA:0,ERC1363WithSanctionSetupScript.setUpHarness
DA:44,0
DA:45,0
DA:46,0
DA:47,0
DA:48,0
DA:50,0
DA:57,0
DA:58,0
FN:62,ERC1363WithSanctionSetupScript.unitTest_Deployment
FNDA:0,ERC1363WithSanctionSetupScript.unitTest_Deployment
FN:66,ERC1363WithSanctionSetupScript.integrationTest_Deployment
FNDA:0,ERC1363WithSanctionSetupScript.integrationTest_Deployment
FNF:5
FNH:0
LF:11
LH:0
BRF:2
BRH:0
end_of_record
TN:
SF:script/001_Sanction/1-1_deployERC1363WithSanction.s.sol
FN:9,ONE_deployERC1363WithSanction.setUpScripts
FNDA:0,ONE_deployERC1363WithSanction.setUpScripts
DA:21,0
FN:26,ONE_deployERC1363WithSanction.run
FNDA:0,ONE_deployERC1363WithSanction.run
DA:32,0
DA:35,0
DA:38,0
DA:40,0
BRDA:40,0,0,-
BRDA:40,0,1,-
DA:41,0
DA:44,0
DA:45,0
FNF:2
FNH:0
LF:8
LH:0
BRF:2
BRH:0
end_of_record
TN:
SF:script/002_Godmode/2-1_SetupERC1363WithGodmode.sol
FN:26,ERC1363WithGodmodeSetupScript.setUpContracts
FNDA:0,ERC1363WithGodmodeSetupScript.setUpContracts
DA:27,0
BRDA:27,0,0,-
BRDA:27,0,1,-
DA:28,0
FN:34,ERC1363WithGodmodeSetupScript.setUpMock
FNDA:0,ERC1363WithGodmodeSetupScript.setUpMock
DA:35,0
FN:38,ERC1363WithGodmodeSetupScript.setUpHarness
FNDA:0,ERC1363WithGodmodeSetupScript.setUpHarness
DA:40,0
DA:41,0
DA:42,0
DA:43,0
DA:45,0
DA:51,0
DA:52,0
FN:56,ERC1363WithGodmodeSetupScript.unitTest_Deployment
FNDA:0,ERC1363WithGodmodeSetupScript.unitTest_Deployment
FN:60,ERC1363WithGodmodeSetupScript.integrationTest_Deployment
FNDA:0,ERC1363WithGodmodeSetupScript.integrationTest_Deployment
FNF:5
FNH:0
LF:10
LH:0
BRF:2
BRH:0
end_of_record
TN:
SF:script/002_Godmode/2-1_deployERC1363WithGodmode.s.sol
FN:9,ONE_deployERC1363WithGodmode.setUpScripts
FNDA:0,ONE_deployERC1363WithGodmode.setUpScripts
DA:21,0
FN:26,ONE_deployERC1363WithGodmode.run
FNDA:0,ONE_deployERC1363WithGodmode.run
DA:32,0
DA:35,0
DA:38,0
DA:40,0
BRDA:40,0,0,-
BRDA:40,0,1,-
DA:41,0
DA:44,0
DA:45,0
FNF:2
FNH:0
LF:8
LH:0
BRF:2
BRH:0
end_of_record
TN:
SF:script/RegisterScripts.sol
FN:64,RegisterScripts.setUpScripts
FNDA:0,RegisterScripts.setUpScripts
FN:74,RegisterScripts.setUpContract
FNDA:0,RegisterScripts.setUpContract
DA:80,0
DA:81,0
DA:83,0
BRDA:83,0,0,-
BRDA:83,0,1,-
DA:84,0
DA:86,0
DA:90,0
DA:92,0
BRDA:92,1,0,-
BRDA:92,1,1,-
DA:94,0
DA:96,0
BRDA:96,2,0,-
BRDA:96,2,1,-
DA:97,0
DA:99,0
BRDA:99,3,0,-
BRDA:99,3,1,-
DA:100,0
BRDA:100,4,0,-
BRDA:100,4,1,-
DA:101,0
DA:102,0
DA:104,0
DA:107,0
BRDA:107,5,0,-
BRDA:107,5,1,-
DA:108,0
DA:110,0
DA:112,0
BRDA:112,6,0,-
BRDA:112,6,1,-
DA:113,0
DA:116,0
DA:118,0
DA:120,0
BRDA:120,7,0,-
BRDA:120,7,1,-
DA:124,0
BRDA:124,8,0,-
BRDA:124,8,1,-
DA:125,0
DA:127,0
DA:129,0
DA:132,0
FN:137,RegisterScripts.setUpContract
FNDA:0,RegisterScripts.setUpContract
DA:142,0
FN:145,RegisterScripts.setUpContract
FNDA:0,RegisterScripts.setUpContract
DA:146,0
FN:149,RegisterScripts.setUpContract
FNDA:0,RegisterScripts.setUpContract
DA:154,0
FN:160,RegisterScripts.loadEnvVars
FNDA:0,RegisterScripts.loadEnvVars
DA:162,0
BRDA:162,9,0,-
BRDA:162,9,1,-
DA:163,0
DA:164,0
DA:165,0
DA:166,0
DA:167,0
DA:168,0
DA:171,0
BRDA:170,10,0,-
BRDA:170,10,1,-
DA:177,0
FN:181,RegisterScripts.tryLoadEnvBool
FNDA:0,RegisterScripts.tryLoadEnvBool
DA:186,0
DA:188,0
BRDA:188,11,0,-
BRDA:188,11,1,-
DA:189,0
DA:198,0
BRDA:198,12,0,-
BRDA:198,12,1,-
FN:201,RegisterScripts.startBroadcastIfNotDryRun
FNDA:0,RegisterScripts.startBroadcastIfNotDryRun
DA:202,0
BRDA:202,13,0,-
BRDA:202,13,1,-
DA:204,0
BRDA:204,14,0,-
BRDA:204,14,1,-
DA:207,0
DA:214,0
DA:215,0
DA:216,0
DA:219,0
DA:222,0
DA:223,0
FN:228,RegisterScripts.loadSavedDeployedAddress
FNDA:0,RegisterScripts.loadSavedDeployedAddress
DA:229,0
FN:232,RegisterScripts.loadSavedDeployedAddress
FNDA:0,RegisterScripts.loadSavedDeployedAddress
DA:233,0
BRDA:233,15,0,-
BRDA:233,15,1,-
DA:234,0
DA:237,0
DA:240,0
BRDA:240,16,0,-
BRDA:240,16,1,-
DA:241,0
DA:246,0
FN:250,RegisterScripts.saveCreationCodeHash
FNDA:0,RegisterScripts.saveCreationCodeHash
DA:251,0
BRDA:251,17,0,-
BRDA:251,17,1,-
DA:253,0
DA:255,0
DA:257,0
FN:261,RegisterScripts.creationCodeHashMatches
FNDA:0,RegisterScripts.creationCodeHashMatches
DA:262,0
DA:264,0
DA:270,0
FN:273,RegisterScripts.getContractCode
FNDA:0,RegisterScripts.getContractCode
DA:274,0
DA:286,0
BRDA:286,18,0,-
BRDA:286,18,1,-
DA:287,0
DA:288,0
DA:289,0
DA:291,0
FN:296,RegisterScripts.deployCodeWrapper
FNDA:0,RegisterScripts.deployCodeWrapper
DA:297,0
DA:299,0
DA:301,0
BRDA:301,19,0,-
BRDA:301,19,1,-
FN:307,RegisterScripts.deployCode
FNDA:0,RegisterScripts.deployCode
DA:309,0
FN:313,RegisterScripts.isTestnet
FNDA:0,RegisterScripts.isTestnet
DA:314,0
DA:316,0
BRDA:316,20,0,-
BRDA:316,20,1,-
DA:317,0
BRDA:317,21,0,-
BRDA:317,21,1,-
DA:318,0
BRDA:318,22,0,-
BRDA:318,22,1,-
DA:319,0
BRDA:319,23,0,-
BRDA:319,23,1,-
DA:320,0
BRDA:320,24,0,-
BRDA:320,24,1,-
DA:321,0
BRDA:321,25,0,-
BRDA:321,25,1,-
DA:322,0
BRDA:322,26,0,-
BRDA:322,26,1,-
DA:323,0
BRDA:323,27,0,-
BRDA:323,27,1,-
DA:324,0
BRDA:324,28,0,-
BRDA:324,28,1,-
DA:326,0
FN:330,RegisterScripts.isFFIEnabled
FNDA:0,RegisterScripts.isFFIEnabled
DA:331,0
DA:332,0
DA:334,0
FN:341,RegisterScripts.mkdir
FNDA:0,RegisterScripts.mkdir
DA:342,0
BRDA:342,29,0,-
BRDA:342,29,1,-
DA:344,0
DA:345,0
DA:346,0
DA:347,0
DA:349,0
DA:351,0
FN:355,RegisterScripts.throwError
FNDA:0,RegisterScripts.throwError
DA:356,0
BRDA:356,30,0,-
BRDA:356,30,1,-
DA:359,0
BRDA:359,31,0,-
BRDA:359,31,1,-
FN:370,RegisterScripts.registerContract
FNDA:0,RegisterScripts.registerContract
DA:375,0
DA:377,0
BRDA:377,32,0,-
BRDA:377,32,1,-
DA:378,0
DA:379,0
DA:381,0
DA:384,0
DA:386,0
DA:387,0
DA:389,0
DA:391,0
FN:396,RegisterScripts.getDeploymentsPath
FNDA:0,RegisterScripts.getDeploymentsPath
DA:397,0
FN:400,RegisterScripts.getDeploymentsPath
FNDA:0,RegisterScripts.getDeploymentsPath
DA:401,0
FN:405,RegisterScripts.getCreationCodeHashFilePath
FNDA:0,RegisterScripts.getCreationCodeHashFilePath
DA:406,0
FN:409,RegisterScripts.logDeployments
FNDA:0,RegisterScripts.logDeployments
DA:410,0
DA:412,0
DA:413,0
DA:415,0
DA:416,0
DA:417,0
DA:420,0
FN:424,RegisterScripts.generateRegisteredContractsJson
FNDA:0,RegisterScripts.generateRegisteredContractsJson
DA:425,0
BRDA:425,33,0,-
BRDA:425,33,1,-
DA:427,0
DA:429,0
DA:430,0
DA:439,0
FN:442,RegisterScripts.generateSavedContractJson
FNDA:0,RegisterScripts.generateSavedContractJson
DA:444,0
BRDA:444,34,0,-
BRDA:444,34,1,-
DA:445,0
DA:447,0
DA:530,0
FN:533,RegisterScripts.generateFormatedContractJson
FNDA:0,RegisterScripts.generateFormatedContractJson
DA:535,0
BRDA:535,35,0,-
BRDA:535,35,1,-
DA:536,0
DA:538,0
DA:563,0
FN:566,RegisterScripts.storeLatestDeployments
FNDA:0,RegisterScripts.storeLatestDeployments
DA:568,0
DA:570,0
BRDA:570,36,0,-
BRDA:570,36,1,-
DA:572,0
DA:573,0
DA:575,0
DA:577,0
BRDA:577,37,0,-
BRDA:577,37,1,-
DA:578,0
DA:580,0
DA:582,0
DA:583,0
DA:585,0
FN:592,RegisterScripts.savePastDeployments
FNDA:0,RegisterScripts.savePastDeployments
DA:593,0
BRDA:593,38,0,-
BRDA:593,38,1,-
DA:595,0
DA:596,0
DA:598,0
DA:600,0
DA:601,0
DA:603,0
DA:605,0
FN:609,RegisterScripts.formatRegister
FNDA:0,RegisterScripts.formatRegister
DA:610,0
BRDA:610,39,0,-
BRDA:610,39,1,-
DA:612,0
DA:613,0
DA:615,0
DA:617,0
DA:619,0
FN:624,RegisterScripts.getGitCommitHash
FNDA:0,RegisterScripts.getGitCommitHash
DA:625,0
DA:626,0
DA:627,0
DA:628,0
DA:630,0
DA:632,0
BRDA:632,40,0,-
BRDA:632,40,1,-
DA:633,0
DA:634,0
DA:637,0
DA:642,0
DA:644,0
FN:649,RegisterScripts.title
FNDA:0,RegisterScripts.title
DA:650,0
DA:651,0
FN:654,RegisterScripts.contractLabel
FNDA:0,RegisterScripts.contractLabel
DA:659,0
FNF:33
FNH:0
LF:172
LH:0
BRF:82
BRH:0
end_of_record
TN:
SF:script/lib/EnumerableSet.sol
FN:27,EnumerableSet.add
FNDA:0,EnumerableSet.add
DA:28,0
DA:29,0
BRDA:29,0,0,-
BRDA:29,0,1,-
DA:31,0
DA:32,0
DA:34,0
FN:37,EnumerableSet.remove
FNDA:0,EnumerableSet.remove
DA:38,0
DA:39,0
BRDA:39,1,0,-
BRDA:39,1,1,-
DA:41,0
DA:43,0
BRDA:43,2,0,-
BRDA:43,2,1,-
DA:48,0
DA:50,0
DA:51,0
DA:55,0
DA:56,0
DA:58,0
FN:61,EnumerableSet.includes
FNDA:0,EnumerableSet.includes
DA:62,0
FN:65,EnumerableSet.values
FNDA:0,EnumerableSet.values
DA:66,0
FN:69,EnumerableSet.at
FNDA:0,EnumerableSet.at
DA:70,0
FN:73,EnumerableSet.length
FNDA:0,EnumerableSet.length
DA:74,0
FN:81,EnumerableSet.add
FNDA:0,EnumerableSet.add
DA:82,0
DA:83,0
DA:85,0
DA:86,0
DA:88,0
FN:91,EnumerableSet.remove
FNDA:0,EnumerableSet.remove
DA:92,0
DA:93,0
DA:95,0
DA:96,0
DA:98,0
FN:101,EnumerableSet.includes
FNDA:0,EnumerableSet.includes
DA:102,0
FN:105,EnumerableSet.values
FNDA:0,EnumerableSet.values
DA:106,0
FN:109,EnumerableSet.at
FNDA:0,EnumerableSet.at
DA:110,0
FN:113,EnumerableSet.length
FNDA:0,EnumerableSet.length
DA:114,0
FN:121,EnumerableSet.add
FNDA:0,EnumerableSet.add
DA:122,0
DA:123,0
DA:125,0
DA:126,0
DA:128,0
FN:131,EnumerableSet.remove
FNDA:0,EnumerableSet.remove
DA:132,0
DA:133,0
DA:135,0
DA:136,0
DA:138,0
FN:141,EnumerableSet.includes
FNDA:0,EnumerableSet.includes
DA:142,0
FN:145,EnumerableSet.at
FNDA:0,EnumerableSet.at
DA:146,0
FN:149,EnumerableSet.values
FNDA:0,EnumerableSet.values
DA:150,0
FN:153,EnumerableSet.length
FNDA:0,EnumerableSet.length
DA:154,0
FNF:18
FNH:0
LF:47
LH:0
BRF:6
BRH:0
end_of_record
TN:
SF:src/ERC1363WithGodmode.sol
FN:47,ERC1363WithGodmode.transferWithGodmode
FNDA:257,ERC1363WithGodmode.transferWithGodmode
DA:48,256
DA:49,256
FNF:1
FNH:1
LF:2
LH:2
BRF:0
BRH:0
end_of_record
TN:
SF:src/ERC1363WithSanction.sol
FN:60,ERC1363WithSanction.mint
FNDA:0,ERC1363WithSanction.mint
DA:61,0
FN:68,ERC1363WithSanction.addToBlackList
FNDA:514,ERC1363WithSanction.addToBlackList
DA:69,513
DA:70,513
FN:77,ERC1363WithSanction.removeFromBlacklist
FNDA:256,ERC1363WithSanction.removeFromBlacklist
DA:78,256
DA:79,256
FN:82,ERC1363WithSanction._beforeTokenTransfer
FNDA:260,ERC1363WithSanction._beforeTokenTransfer
DA:85,260
BRDA:85,0,0,257
BRDA:85,0,1,3
DA:86,3
FNF:4
FNH:3
LF:7
LH:6
BRF:2
BRH:2
end_of_record
TN:
SF:src/LinearBondingCurve.sol
FN:37,LinearBondingCurve.getCurrentPrice
FNDA:0,LinearBondingCurve.getCurrentPrice
DA:38,0
FN:47,LinearBondingCurve.calculatePurchaseAmountOut
FNDA:0,LinearBondingCurve.calculatePurchaseAmountOut
DA:52,4
FNF:2
FNH:0
LF:2
LH:1
BRF:0
BRH:0
end_of_record
TN:
SF:src/TokenSale.sol
FN:63,TokenSale.init
FNDA:0,TokenSale.init
DA:65,0
DA:66,0
BRDA:66,0,0,-
BRDA:66,0,1,-
FN:74,TokenSale.buy
FNDA:1,TokenSale.buy
DA:76,1
BRDA:76,1,0,-
BRDA:76,1,1,1
DA:77,1
DA:79,1
DA:81,1
FN:91,TokenSale.withdrawERC20
FNDA:0,TokenSale.withdrawERC20
DA:96,0
FN:106,TokenSale.withdrawETH
FNDA:0,TokenSale.withdrawETH
DA:107,0
FN:116,TokenSale.calculatePurchaseAmountOut
FNDA:0,TokenSale.calculatePurchaseAmountOut
DA:120,1
FN:124,TokenSale._setCap
FNDA:0,TokenSale._setCap
DA:125,0
BRDA:125,2,0,-
BRDA:125,2,1,-
DA:127,0
DA:128,0
DA:130,0
FN:135,TokenSale._setPrice
FNDA:0,TokenSale._setPrice
DA:136,0
BRDA:136,3,0,-
BRDA:136,3,1,-
DA:138,0
DA:139,0
DA:141,0
FNF:7
FNH:1
LF:17
LH:5
BRF:8
BRH:1
end_of_record
TN:
SF:src/base/ERC1363Base.sol
FN:23,ERC1363Base.supportsInterface
FNDA:0,ERC1363Base.supportsInterface
DA:24,0
FN:33,ERC1363Base.transferAndCall
FNDA:257,ERC1363Base.transferAndCall
DA:34,257
FN:44,ERC1363Base.transferAndCall
FNDA:0,ERC1363Base.transferAndCall
DA:45,257
DA:46,0
BRDA:46,0,0,-
BRDA:46,0,1,-
DA:47,0
FN:57,ERC1363Base.transferFromAndCall
FNDA:2,ERC1363Base.transferFromAndCall
DA:58,2
FN:69,ERC1363Base.transferFromAndCall
FNDA:0,ERC1363Base.transferFromAndCall
DA:75,2
DA:76,2
BRDA:76,1,0,-
BRDA:76,1,1,2
DA:77,2
FN:86,ERC1363Base.approveAndCall
FNDA:0,ERC1363Base.approveAndCall
DA:87,0
FN:97,ERC1363Base.approveAndCall
FNDA:0,ERC1363Base.approveAndCall
DA:98,0
DA:99,0
BRDA:99,2,0,-
BRDA:99,2,1,-
DA:100,0
FN:112,ERC1363Base._checkOnTransferReceived
FNDA:2,ERC1363Base._checkOnTransferReceived
DA:118,2
BRDA:118,3,0,-
BRDA:118,3,1,2
DA:119,0
DA:122,2
FN:144,ERC1363Base._checkOnApprovalReceived
FNDA:0,ERC1363Base._checkOnApprovalReceived
DA:149,0
BRDA:149,4,0,-
BRDA:149,4,1,-
DA:150,0
DA:153,0
FNF:9
FNH:3
LF:19
LH:8
BRF:10
BRH:2
end_of_record
TN:
SF:src/base/ERC1363PayableBase.sol
FN:50,ERC1363PayableBase.supportsInterface
FNDA:0,ERC1363PayableBase.supportsInterface
DA:51,0
FN:64,ERC1363PayableBase.onTransferReceived
FNDA:2,ERC1363PayableBase.onTransferReceived
DA:70,2
BRDA:70,0,0,-
BRDA:70,0,1,2
DA:72,2
DA:74,2
DA:76,2
FN:85,ERC1363PayableBase.onApprovalReceived
FNDA:0,ERC1363PayableBase.onApprovalReceived
DA:86,0
BRDA:86,1,0,-
BRDA:86,1,1,-
DA:88,0
DA:90,0
DA:92,0
FN:98,ERC1363PayableBase.acceptedToken
FNDA:0,ERC1363PayableBase.acceptedToken
DA:99,4
FN:110,ERC1363PayableBase._transferReceived
FNDA:0,ERC1363PayableBase._transferReceived
FN:121,ERC1363PayableBase._approvalReceived
FNDA:0,ERC1363PayableBase._approvalReceived
FNF:6
FNH:1
LF:10
LH:5
BRF:4
BRH:1
end_of_record
TN:
SF:src/bondingcurves/BondingCurve.sol
FN:57,BondingCurve.init
FNDA:0,BondingCurve.init
DA:59,0
DA:60,0
BRDA:60,0,0,-
BRDA:60,0,1,-
FN:69,BondingCurve.purchase
FNDA:2,BondingCurve.purchase
DA:77,2
BRDA:77,1,0,-
BRDA:77,1,1,2
DA:79,2
DA:81,2
DA:83,0
FN:91,BondingCurve.allocate
FNDA:0,BondingCurve.allocate
DA:92,0
DA:93,0
FN:99,BondingCurve.pause
FNDA:0,BondingCurve.pause
DA:100,0
FN:106,BondingCurve.unpause
FNDA:0,BondingCurve.unpause
DA:107,0
FN:114,BondingCurve.availableToSell
FNDA:2,BondingCurve.availableToSell
DA:115,4
FN:142,BondingCurve.reserveBalance
FNDA:2,BondingCurve.reserveBalance
DA:143,2
FN:154,BondingCurve._transferReceived
FNDA:2,BondingCurve._transferReceived
DA:155,2
FN:165,BondingCurve._approvalReceived
FNDA:0,BondingCurve._approvalReceived
DA:166,0
DA:167,0
FN:170,BondingCurve._purchase
FNDA:2,BondingCurve._purchase
DA:174,2
DA:176,2
BRDA:176,2,0,-
BRDA:176,2,1,2
DA:177,2
DA:178,2
DA:180,2
DA:181,0
FN:184,BondingCurve._incrementTotalPurchased
FNDA:2,BondingCurve._incrementTotalPurchased
DA:185,2
FN:189,BondingCurve._setCap
FNDA:0,BondingCurve._setCap
DA:190,0
BRDA:190,3,0,-
BRDA:190,3,1,-
DA:192,0
DA:193,0
DA:195,0
FNF:12
FNH:6
LF:26
LH:12
BRF:8
BRH:2
end_of_record
TN:
SF:src/finance/Account.sol
FN:27,Account.withdrawERC20
FNDA:0,Account.withdrawERC20
DA:32,0
FN:35,Account._withdrawERC20
FNDA:0,Account._withdrawERC20
DA:40,0
DA:41,0
FN:51,Account.withdrawETH
FNDA:0,Account.withdrawETH
DA:52,0
FN:56,Account._withdrawETH
FNDA:0,Account._withdrawETH
DA:57,0
DA:58,0
FNF:4
FNH:0
LF:6
LH:0
BRF:0
BRH:0
end_of_record
TN:
SF:src/pricings/LinearCurve.sol
FN:42,LinearCurve.getLinearInstantaneousPrice
FNDA:257,LinearCurve.getLinearInstantaneousPrice
DA:43,257
FN:53,LinearCurve.getPoolBalance
FNDA:259,LinearCurve.getPoolBalance
DA:54,267
FN:67,LinearCurve.getTokenSupply
FNDA:1,LinearCurve.getTokenSupply
DA:68,1
FNF:3
FNH:3
LF:3
LH:3
BRF:0
BRH:0
end_of_record
TN:
SF:src/roles/GodRoles.sol
FN:54,GodRoles.transferOwnership
FNDA:0,GodRoles.transferOwnership
DA:55,0
BRDA:55,0,0,-
BRDA:55,0,1,-
DA:57,0
DA:58,0
FN:65,GodRoles.acceptOwnership
FNDA:0,GodRoles.acceptOwnership
DA:66,0
BRDA:66,1,0,-
BRDA:66,1,1,-
DA:68,0
DA:69,0
DA:70,0
DA:71,0
FN:78,GodRoles.setGod
FNDA:0,GodRoles.setGod
DA:79,0
BRDA:79,2,0,-
BRDA:79,2,1,-
DA:81,0
DA:82,0
FN:89,GodRoles.acceptGod
FNDA:0,GodRoles.acceptGod
DA:90,0
BRDA:90,3,0,-
BRDA:90,3,1,-
DA:92,0
DA:93,0
DA:94,0
DA:95,0
FN:101,GodRoles.owner
FNDA:1,GodRoles.owner
DA:102,1
FN:108,GodRoles.pendingOwner
FNDA:0,GodRoles.pendingOwner
DA:109,0
FN:115,GodRoles.god
FNDA:1,GodRoles.god
DA:116,1
FN:122,GodRoles.pendingGod
FNDA:0,GodRoles.pendingGod
DA:123,0
FNF:8
FNH:2
LF:20
LH:2
BRF:8
BRH:0
end_of_record
TN:
SF:src/roles/SanctionRoles.sol
FN:56,SanctionRoles.transferOwnership
FNDA:0,SanctionRoles.transferOwnership
DA:57,0
BRDA:57,0,0,-
BRDA:57,0,1,-
DA:59,0
DA:60,0
FN:67,SanctionRoles.acceptOwnership
FNDA:0,SanctionRoles.acceptOwnership
DA:68,0
BRDA:68,1,0,-
BRDA:68,1,1,-
DA:70,0
DA:71,0
DA:72,0
DA:73,0
FN:81,SanctionRoles.setSanctionAdmin
FNDA:1,SanctionRoles.setSanctionAdmin
DA:82,1
BRDA:82,2,0,-
BRDA:82,2,1,1
DA:84,1
DA:85,1
FN:92,SanctionRoles.acceptSanctionAdmin
FNDA:1,SanctionRoles.acceptSanctionAdmin
DA:93,1
BRDA:93,3,0,-
BRDA:93,3,1,1
DA:95,1
DA:96,1
DA:97,1
DA:98,1
FN:105,SanctionRoles.setMinter
FNDA:0,SanctionRoles.setMinter
DA:106,0
BRDA:106,4,0,-
BRDA:106,4,1,-
DA:108,0
DA:109,0
FN:115,SanctionRoles.owner
FNDA:1,SanctionRoles.owner
DA:116,1
FN:122,SanctionRoles.pendingOwner
FNDA:0,SanctionRoles.pendingOwner
DA:123,0
FN:129,SanctionRoles.sanctionAdmin
FNDA:3,SanctionRoles.sanctionAdmin
DA:130,3
FN:136,SanctionRoles.pendingSanctionAdmin
FNDA:2,SanctionRoles.pendingSanctionAdmin
DA:137,2
FN:143,SanctionRoles.minter
FNDA:1,SanctionRoles.minter
DA:144,1
FNF:10
FNH:6
LF:24
LH:12
BRF:10
BRH:2
end_of_record
TN:
SF:test/integration/ERC1363WithGodmode.t.sol
FN:17,TestDeployScriptERC1363WithGodmode.setUpScripts
FNDA:0,TestDeployScriptERC1363WithGodmode.setUpScripts
DA:18,0
FN:21,TestDeployScriptERC1363WithGodmode.setUp
FNDA:0,TestDeployScriptERC1363WithGodmode.setUp
DA:22,0
DA:24,0
DA:25,0
DA:27,0
DA:28,0
DA:30,0
DA:31,0
DA:33,0
FNF:2
FNH:0
LF:9
LH:0
BRF:0
BRH:0
end_of_record
TN:
SF:test/integration/ERC1363WithSanction.t.sol
FN:14,TestDeployScriptERC1363WithSanction.setUpScripts
FNDA:0,TestDeployScriptERC1363WithSanction.setUpScripts
DA:15,0
FN:18,TestDeployScriptERC1363WithSanction.setUp
FNDA:0,TestDeployScriptERC1363WithSanction.setUp
DA:19,0
DA:21,0
DA:22,0
DA:24,0
DA:25,0
DA:28,0
DA:29,0
DA:30,0
FNF:2
FNH:0
LF:9
LH:0
BRF:0
BRH:0
end_of_record
TN:
SF:test/unit/utils/ConstantsFixture.sol
FN:19,ConstantsFixture.setUp
FNDA:0,ConstantsFixture.setUp
DA:21,0
DA:22,0
DA:24,0
DA:25,0
DA:27,0
DA:28,0
FNF:1
FNH:0
LF:6
LH:0
BRF:0
BRH:0
end_of_record
